  [1m[35m (3.7ms)[0m  [1m[34mSELECT sqlite_version(*)[0m
  [1m[35m (1.6ms)[0m  [1m[35mCREATE TABLE "schema_migrations" ("version" varchar NOT NULL PRIMARY KEY)[0m
  [1m[35m (1.5ms)[0m  [1m[35mCREATE TABLE "ar_internal_metadata" ("key" varchar NOT NULL PRIMARY KEY, "value" varchar, "created_at" datetime(6) NOT NULL, "updated_at" datetime(6) NOT NULL)[0m
  [1m[35m (0.2ms)[0m  [1m[34mSELECT "schema_migrations"."version" FROM "schema_migrations" ORDER BY "schema_migrations"."version" ASC[0m
Migrating to CreatePosts (20201210114035)
  [1m[35m (0.1ms)[0m  [1m[36mbegin transaction[0m
  [1m[35m (0.6ms)[0m  [1m[35mCREATE TABLE "posts" ("id" integer PRIMARY KEY AUTOINCREMENT NOT NULL, "title" varchar, "created_at" datetime(6) NOT NULL, "updated_at" datetime(6) NOT NULL)[0m
  [1m[36mprimary::SchemaMigration Create (0.2ms)[0m  [1m[32mINSERT INTO "schema_migrations" ("version") VALUES (?)[0m  [["version", "20201210114035"]]
  [1m[35m (1.8ms)[0m  [1m[36mcommit transaction[0m
  [1m[36mActiveRecord::InternalMetadata Load (0.2ms)[0m  [1m[34mSELECT "ar_internal_metadata".* FROM "ar_internal_metadata" WHERE "ar_internal_metadata"."key" = ? LIMIT ?[0m  [["key", "environment"], ["LIMIT", 1]]
  [1m[35m (0.1ms)[0m  [1m[36mbegin transaction[0m
  [1m[36mActiveRecord::InternalMetadata Create (0.5ms)[0m  [1m[32mINSERT INTO "ar_internal_metadata" ("key", "value", "created_at", "updated_at") VALUES (?, ?, ?, ?)[0m  [["key", "environment"], ["value", "development"], ["created_at", "2020-12-10 11:42:26.746669"], ["updated_at", "2020-12-10 11:42:26.746669"]]
  [1m[35m (1.0ms)[0m  [1m[36mcommit transaction[0m
  [1m[35m (0.1ms)[0m  [1m[34mSELECT sqlite_version(*)[0m
  [1m[35m (0.4ms)[0m  [1m[34mSELECT "schema_migrations"."version" FROM "schema_migrations" ORDER BY "schema_migrations"."version" ASC[0m
  [1m[35m (1.8ms)[0m  [1m[34mSELECT sqlite_version(*)[0m
  [1m[35m (0.8ms)[0m  [1m[34mSELECT "schema_migrations"."version" FROM "schema_migrations" ORDER BY "schema_migrations"."version" ASC[0m
Migrating to AddBodyToPosts (20201210114802)
  [1m[35m (0.1ms)[0m  [1m[36mbegin transaction[0m
  [1m[35m (1.2ms)[0m  [1m[35mALTER TABLE "posts" ADD "body" text[0m
  [1m[36mprimary::SchemaMigration Create (0.7ms)[0m  [1m[32mINSERT INTO "schema_migrations" ("version") VALUES (?)[0m  [["version", "20201210114802"]]
  [1m[35m (1.2ms)[0m  [1m[36mcommit transaction[0m
  [1m[36mActiveRecord::InternalMetadata Load (1.2ms)[0m  [1m[34mSELECT "ar_internal_metadata".* FROM "ar_internal_metadata" WHERE "ar_internal_metadata"."key" = ? LIMIT ?[0m  [["key", "environment"], ["LIMIT", 1]]
  [1m[35m (0.1ms)[0m  [1m[34mSELECT sqlite_version(*)[0m
  [1m[35m (0.1ms)[0m  [1m[34mSELECT "schema_migrations"."version" FROM "schema_migrations" ORDER BY "schema_migrations"."version" ASC[0m
Started GET "/posts" for ::1 at 2020-12-10 03:48:55 -0800
  [1m[35m (1.6ms)[0m  [1m[34mSELECT sqlite_version(*)[0m
  [1m[35m (0.3ms)[0m  [1m[34mSELECT "schema_migrations"."version" FROM "schema_migrations" ORDER BY "schema_migrations"."version" ASC[0m
Processing by PostsController#index as HTML
  Rendering posts/index.html.erb within layouts/application
  [1m[36mPost Load (0.7ms)[0m  [1m[34mSELECT "posts".* FROM "posts"[0m
  ↳ app/views/posts/index.html.erb:14
  Rendered posts/index.html.erb within layouts/application (Duration: 8.2ms | Allocations: 1536)
[Webpacker] Compiling...
Started GET "/posts" for ::1 at 2020-12-10 03:48:58 -0800
  [1m[35m (0.2ms)[0m  [1m[34mSELECT sqlite_version(*)[0m
Processing by PostsController#index as HTML
  Rendering posts/index.html.erb within layouts/application
  [1m[36mPost Load (0.5ms)[0m  [1m[34mSELECT "posts".* FROM "posts"[0m
  ↳ app/views/posts/index.html.erb:14
  Rendered posts/index.html.erb within layouts/application (Duration: 2.5ms | Allocations: 662)
[Webpacker] Compiling...
[Webpacker] Compiled all packs in /Users/codetl/computer/codetl_database/public/packs
[Webpacker] Hash: 76145d9ce4575ebaa29b
Version: webpack 4.44.2
Time: 3687ms
Built at: 12/10/2020 3:49:02 AM
                                     Asset       Size       Chunks                         Chunk Names
    js/application-c229f7c7014cf8c8d494.js    124 KiB  application  [emitted] [immutable]  application
js/application-c229f7c7014cf8c8d494.js.map    139 KiB  application  [emitted] [dev]        application
                             manifest.json  364 bytes               [emitted]              
Entrypoint application = js/application-c229f7c7014cf8c8d494.js js/application-c229f7c7014cf8c8d494.js.map
[./app/javascript/channels sync recursive _channel\.js$] ./app/javascript/channels sync _channel\.js$ 160 bytes {application} [built]
[./app/javascript/channels/index.js] 211 bytes {application} [built]
[./app/javascript/packs/application.js] 749 bytes {application} [built]
[./node_modules/webpack/buildin/module.js] (webpack)/buildin/module.js 552 bytes {application} [built]
    + 3 hidden modules

Completed 200 OK in 7729ms (Views: 7680.7ms | ActiveRecord: 1.7ms | Allocations: 30357)


[Webpacker] Compiled all packs in /Users/codetl/computer/codetl_database/public/packs
[Webpacker] Hash: 76145d9ce4575ebaa29b
Version: webpack 4.44.2
Time: 1900ms
Built at: 12/10/2020 3:49:03 AM
                                     Asset       Size       Chunks                         Chunk Names
    js/application-c229f7c7014cf8c8d494.js    124 KiB  application  [emitted] [immutable]  application
js/application-c229f7c7014cf8c8d494.js.map    139 KiB  application  [emitted] [dev]        application
                             manifest.json  364 bytes               [emitted]              
Entrypoint application = js/application-c229f7c7014cf8c8d494.js js/application-c229f7c7014cf8c8d494.js.map
[./app/javascript/channels sync recursive _channel\.js$] ./app/javascript/channels sync _channel\.js$ 160 bytes {application} [built]
[./app/javascript/channels/index.js] 211 bytes {application} [built]
[./app/javascript/packs/application.js] 749 bytes {application} [built]
[./node_modules/webpack/buildin/module.js] (webpack)/buildin/module.js 552 bytes {application} [built]
    + 3 hidden modules

Completed 200 OK in 4641ms (Views: 4639.0ms | ActiveRecord: 0.5ms | Allocations: 7661)


Started GET "/posts/new" for ::1 at 2020-12-10 03:49:05 -0800
Processing by PostsController#new as HTML
  Rendering posts/new.html.erb within layouts/application
  Rendered posts/_form.html.erb (Duration: 28.2ms | Allocations: 3986)
  Rendered posts/new.html.erb within layouts/application (Duration: 30.5ms | Allocations: 4321)
[Webpacker] Everything's up-to-date. Nothing to do
Completed 200 OK in 54ms (Views: 40.9ms | ActiveRecord: 0.9ms | Allocations: 11065)


Started POST "/posts" for ::1 at 2020-12-10 03:49:09 -0800
Processing by PostsController#create as HTML
  Parameters: {"authenticity_token"=>"3kwDfljUZGgA1BDPy++n+jTdydFTX13yWLjmD9sYkPa1t4SzFXAABVtXkndK9ug7MYQedJaKuQbCnwr57imzaA==", "post"=>{"title"=>"Hello"}, "commit"=>"Create Post"}
  [1m[35m (0.2ms)[0m  [1m[36mbegin transaction[0m
  ↳ app/controllers/posts_controller.rb:30:in `block in create'
  [1m[36mPost Create (1.3ms)[0m  [1m[32mINSERT INTO "posts" ("title", "created_at", "updated_at") VALUES (?, ?, ?)[0m  [["title", "Hello"], ["created_at", "2020-12-10 11:49:09.316973"], ["updated_at", "2020-12-10 11:49:09.316973"]]
  ↳ app/controllers/posts_controller.rb:30:in `block in create'
  [1m[35m (1.4ms)[0m  [1m[36mcommit transaction[0m
  ↳ app/controllers/posts_controller.rb:30:in `block in create'
Redirected to http://localhost:3000/posts/1
Completed 302 Found in 12ms (ActiveRecord: 2.8ms | Allocations: 2940)


Started GET "/posts/1" for ::1 at 2020-12-10 03:49:09 -0800
Processing by PostsController#show as HTML
  Parameters: {"id"=>"1"}
  [1m[36mPost Load (0.7ms)[0m  [1m[34mSELECT "posts".* FROM "posts" WHERE "posts"."id" = ? LIMIT ?[0m  [["id", 1], ["LIMIT", 1]]
  ↳ app/controllers/posts_controller.rb:67:in `set_post'
  Rendering posts/show.html.erb within layouts/application
  Rendered posts/show.html.erb within layouts/application (Duration: 1.5ms | Allocations: 228)
[Webpacker] Everything's up-to-date. Nothing to do
Completed 200 OK in 21ms (Views: 13.2ms | ActiveRecord: 0.7ms | Allocations: 5197)


Started GET "/posts" for ::1 at 2020-12-10 03:49:15 -0800
Processing by PostsController#index as HTML
  Rendering posts/index.html.erb within layouts/application
  [1m[36mPost Load (1.5ms)[0m  [1m[34mSELECT "posts".* FROM "posts"[0m
  ↳ app/views/posts/index.html.erb:14
  Rendered posts/index.html.erb within layouts/application (Duration: 5.7ms | Allocations: 762)
[Webpacker] Everything's up-to-date. Nothing to do
Completed 200 OK in 21ms (Views: 17.9ms | ActiveRecord: 1.5ms | Allocations: 4637)


Started GET "/posts/1" for ::1 at 2020-12-10 03:49:17 -0800
Processing by PostsController#show as HTML
  Parameters: {"id"=>"1"}
  [1m[36mPost Load (0.2ms)[0m  [1m[34mSELECT "posts".* FROM "posts" WHERE "posts"."id" = ? LIMIT ?[0m  [["id", 1], ["LIMIT", 1]]
  ↳ app/controllers/posts_controller.rb:67:in `set_post'
  Rendering posts/show.html.erb within layouts/application
  Rendered posts/show.html.erb within layouts/application (Duration: 0.3ms | Allocations: 77)
[Webpacker] Everything's up-to-date. Nothing to do
Completed 200 OK in 30ms (Views: 26.6ms | ActiveRecord: 0.2ms | Allocations: 4494)


Started GET "/posts" for ::1 at 2020-12-10 03:49:18 -0800
Processing by PostsController#index as HTML
  Rendering posts/index.html.erb within layouts/application
  [1m[36mPost Load (0.3ms)[0m  [1m[34mSELECT "posts".* FROM "posts"[0m
  ↳ app/views/posts/index.html.erb:14
  Rendered posts/index.html.erb within layouts/application (Duration: 2.7ms | Allocations: 758)
[Webpacker] Everything's up-to-date. Nothing to do
Completed 200 OK in 18ms (Views: 16.4ms | ActiveRecord: 0.3ms | Allocations: 4648)


Started GET "/posts" for ::1 at 2020-12-10 03:57:42 -0800
  [1m[35m (0.3ms)[0m  [1m[34mSELECT sqlite_version(*)[0m
Processing by PostsController#index as HTML
  Rendering posts/index.html.erb within layouts/application
  [1m[36mPost Load (0.7ms)[0m  [1m[34mSELECT "posts".* FROM "posts"[0m
  ↳ app/views/posts/index.html.erb:14
  Rendered posts/index.html.erb within layouts/application (Duration: 12.9ms | Allocations: 1029)
[Webpacker] Everything's up-to-date. Nothing to do
Completed 200 OK in 68ms (Views: 53.8ms | ActiveRecord: 0.7ms | Allocations: 5820)


Started GET "/posts/1" for ::1 at 2020-12-10 03:57:46 -0800
Processing by PostsController#show as HTML
  Parameters: {"id"=>"1"}
  [1m[36mPost Load (0.3ms)[0m  [1m[34mSELECT "posts".* FROM "posts" WHERE "posts"."id" = ? LIMIT ?[0m  [["id", 1], ["LIMIT", 1]]
  ↳ app/controllers/posts_controller.rb:67:in `set_post'
  Rendering posts/show.html.erb within layouts/application
  Rendered posts/show.html.erb within layouts/application (Duration: 1.9ms | Allocations: 244)
[Webpacker] Everything's up-to-date. Nothing to do
Completed 200 OK in 20ms (Views: 14.1ms | ActiveRecord: 0.3ms | Allocations: 4802)


Started GET "/posts" for ::1 at 2020-12-10 03:57:47 -0800
Processing by PostsController#index as HTML
  Rendering posts/index.html.erb within layouts/application
  [1m[36mPost Load (0.4ms)[0m  [1m[34mSELECT "posts".* FROM "posts"[0m
  ↳ app/views/posts/index.html.erb:14
  Rendered posts/index.html.erb within layouts/application (Duration: 4.3ms | Allocations: 761)
[Webpacker] Everything's up-to-date. Nothing to do
Completed 200 OK in 20ms (Views: 19.1ms | ActiveRecord: 0.4ms | Allocations: 4643)


Started GET "/posts" for ::1 at 2020-12-10 03:59:18 -0800
Processing by PostsController#index as HTML
  Rendering posts/index.html.erb within layouts/application
  [1m[36mPost Load (0.3ms)[0m  [1m[34mSELECT "posts".* FROM "posts"[0m
  ↳ app/views/posts/index.html.erb:16
  Rendered posts/index.html.erb within layouts/application (Duration: 3.9ms | Allocations: 1007)
[Webpacker] Everything's up-to-date. Nothing to do
Completed 200 OK in 28ms (Views: 25.5ms | ActiveRecord: 0.3ms | Allocations: 5796)


Started GET "/posts" for ::1 at 2020-12-10 03:59:34 -0800
Processing by PostsController#index as HTML
  Rendering posts/index.html.erb within layouts/application
  [1m[36mPost Load (0.3ms)[0m  [1m[34mSELECT "posts".* FROM "posts"[0m
  ↳ app/views/posts/index.html.erb:16
  Rendered posts/index.html.erb within layouts/application (Duration: 3.7ms | Allocations: 1007)
[Webpacker] Everything's up-to-date. Nothing to do
Completed 200 OK in 23ms (Views: 20.3ms | ActiveRecord: 0.3ms | Allocations: 5786)


Started GET "/posts" for ::1 at 2020-12-10 04:00:00 -0800
Processing by PostsController#index as HTML
  Rendering posts/index.html.erb within layouts/application
  [1m[36mPost Load (0.2ms)[0m  [1m[34mSELECT "posts".* FROM "posts"[0m
  ↳ app/views/posts/index.html.erb:16
  Rendered posts/index.html.erb within layouts/application (Duration: 3.6ms | Allocations: 1016)
[Webpacker] Everything's up-to-date. Nothing to do
Completed 200 OK in 20ms (Views: 18.2ms | ActiveRecord: 0.2ms | Allocations: 5816)


Started GET "/posts" for ::1 at 2020-12-10 04:00:00 -0800
Processing by PostsController#index as HTML
  Rendering posts/index.html.erb within layouts/application
  [1m[36mPost Load (0.3ms)[0m  [1m[34mSELECT "posts".* FROM "posts"[0m
  ↳ app/views/posts/index.html.erb:16
  Rendered posts/index.html.erb within layouts/application (Duration: 3.8ms | Allocations: 767)
[Webpacker] Everything's up-to-date. Nothing to do
Completed 200 OK in 39ms (Views: 37.4ms | ActiveRecord: 0.3ms | Allocations: 4660)


Started GET "/posts/1/edit" for ::1 at 2020-12-10 04:01:13 -0800
Processing by PostsController#edit as HTML
  Parameters: {"id"=>"1"}
  [1m[36mPost Load (0.4ms)[0m  [1m[34mSELECT "posts".* FROM "posts" WHERE "posts"."id" = ? LIMIT ?[0m  [["id", 1], ["LIMIT", 1]]
  ↳ app/controllers/posts_controller.rb:67:in `set_post'
  Rendering posts/edit.html.erb within layouts/application
  Rendered posts/_form.html.erb (Duration: 5.4ms | Allocations: 834)
  Rendered posts/edit.html.erb within layouts/application (Duration: 8.4ms | Allocations: 1212)
[Webpacker] Everything's up-to-date. Nothing to do
Completed 200 OK in 34ms (Views: 29.9ms | ActiveRecord: 0.4ms | Allocations: 5760)


Started GET "/posts" for ::1 at 2020-12-10 04:01:15 -0800
Processing by PostsController#index as HTML
  Rendering posts/index.html.erb within layouts/application
  [1m[36mPost Load (0.3ms)[0m  [1m[34mSELECT "posts".* FROM "posts"[0m
  ↳ app/views/posts/index.html.erb:16
  Rendered posts/index.html.erb within layouts/application (Duration: 2.6ms | Allocations: 761)
[Webpacker] Everything's up-to-date. Nothing to do
Completed 200 OK in 15ms (Views: 14.1ms | ActiveRecord: 0.3ms | Allocations: 4653)


Started GET "/posts" for ::1 at 2020-12-10 04:07:37 -0800
  [1m[35m (0.4ms)[0m  [1m[34mSELECT sqlite_version(*)[0m
Processing by PostsController#index as HTML
  Rendering posts/index.html.erb within layouts/application
  [1m[36mPost Load (0.7ms)[0m  [1m[34mSELECT "posts".* FROM "posts"[0m
  ↳ app/views/posts/index.html.erb:16
  Rendered posts/index.html.erb within layouts/application (Duration: 10.1ms | Allocations: 1025)
[Webpacker] Everything's up-to-date. Nothing to do
Completed 200 OK in 46ms (Views: 38.6ms | ActiveRecord: 0.7ms | Allocations: 5816)


Started GET "/posts/new" for ::1 at 2020-12-10 04:07:41 -0800
Processing by PostsController#new as HTML
  Rendering posts/new.html.erb within layouts/application
  Rendered posts/_form.html.erb (Duration: 31.1ms | Allocations: 3504)
  Rendered posts/new.html.erb within layouts/application (Duration: 32.9ms | Allocations: 3829)
[Webpacker] Everything's up-to-date. Nothing to do
Completed 200 OK in 45ms (Views: 42.8ms | ActiveRecord: 0.0ms | Allocations: 7751)


Started POST "/posts" for ::1 at 2020-12-10 04:08:43 -0800
Processing by PostsController#create as HTML
  Parameters: {"authenticity_token"=>"T70ZvjzOzoLvh5Pc6up5wCuYCFT9x9t74W/Uknker3okRp5zcWqq77QEEWRr8zYBLsHf8TgSP497SDhkTC+M5A==", "post"=>{"title"=>"Amazon Future Leaders", "body"=>"At Amazon, we hire the best minds in technology to innovate and build on behalf of our customers. The intense focus we have on our customers is why we are one of the world’s most beloved brands."}, "commit"=>"Create Post"}
[31mUnpermitted parameter: :body[0m
  [1m[35m (0.3ms)[0m  [1m[36mbegin transaction[0m
  ↳ app/controllers/posts_controller.rb:30:in `block in create'
  [1m[36mPost Create (2.9ms)[0m  [1m[32mINSERT INTO "posts" ("title", "created_at", "updated_at") VALUES (?, ?, ?)[0m  [["title", "Amazon Future Leaders"], ["created_at", "2020-12-10 12:08:44.002062"], ["updated_at", "2020-12-10 12:08:44.002062"]]
  ↳ app/controllers/posts_controller.rb:30:in `block in create'
  [1m[35m (1.2ms)[0m  [1m[36mcommit transaction[0m
  ↳ app/controllers/posts_controller.rb:30:in `block in create'
Redirected to http://localhost:3000/posts/2
Completed 302 Found in 20ms (ActiveRecord: 4.4ms | Allocations: 2705)


Started GET "/posts/2" for ::1 at 2020-12-10 04:08:44 -0800
Processing by PostsController#show as HTML
  Parameters: {"id"=>"2"}
  [1m[36mPost Load (0.2ms)[0m  [1m[34mSELECT "posts".* FROM "posts" WHERE "posts"."id" = ? LIMIT ?[0m  [["id", 2], ["LIMIT", 1]]
  ↳ app/controllers/posts_controller.rb:67:in `set_post'
  Rendering posts/show.html.erb within layouts/application
  Rendered posts/show.html.erb within layouts/application (Duration: 3.4ms | Allocations: 246)
[Webpacker] Everything's up-to-date. Nothing to do
Completed 200 OK in 34ms (Views: 28.9ms | ActiveRecord: 0.2ms | Allocations: 4826)


Started GET "/posts" for ::1 at 2020-12-10 04:08:46 -0800
Processing by PostsController#index as HTML
  Rendering posts/index.html.erb within layouts/application
  [1m[36mPost Load (0.3ms)[0m  [1m[34mSELECT "posts".* FROM "posts"[0m
  ↳ app/views/posts/index.html.erb:16
  Rendered posts/index.html.erb within layouts/application (Duration: 3.6ms | Allocations: 884)
[Webpacker] Everything's up-to-date. Nothing to do
Completed 200 OK in 20ms (Views: 18.3ms | ActiveRecord: 0.3ms | Allocations: 4772)


Started GET "/posts" for ::1 at 2020-12-10 04:17:21 -0800
  [1m[35m (0.2ms)[0m  [1m[34mSELECT sqlite_version(*)[0m
Processing by PostsController#index as HTML
  Rendering posts/index.html.erb within layouts/application
  [1m[36mPost Load (0.7ms)[0m  [1m[34mSELECT "posts".* FROM "posts"[0m
  ↳ app/views/posts/index.html.erb:16
  Rendered posts/index.html.erb within layouts/application (Duration: 19.8ms | Allocations: 3573)
[Webpacker] Everything's up-to-date. Nothing to do
Completed 200 OK in 53ms (Views: 47.1ms | ActiveRecord: 0.7ms | Allocations: 7950)


Started GET "/posts/1/edit" for ::1 at 2020-12-10 04:17:25 -0800
Processing by PostsController#edit as HTML
  Parameters: {"id"=>"1"}
  [1m[36mPost Load (0.2ms)[0m  [1m[34mSELECT "posts".* FROM "posts" WHERE "posts"."id" = ? LIMIT ?[0m  [["id", 1], ["LIMIT", 1]]
  ↳ app/controllers/posts_controller.rb:67:in `set_post'
  Rendering posts/edit.html.erb within layouts/application
  Rendered posts/_form.html.erb (Duration: 3.8ms | Allocations: 735)
  Rendered posts/edit.html.erb within layouts/application (Duration: 6.2ms | Allocations: 976)
[Webpacker] Everything's up-to-date. Nothing to do
Completed 200 OK in 23ms (Views: 16.7ms | ActiveRecord: 0.2ms | Allocations: 5649)


Started PATCH "/posts/1" for ::1 at 2020-12-10 04:17:31 -0800
Processing by PostsController#update as HTML
  Parameters: {"authenticity_token"=>"ZuP8Nwl5GGGoG4xeGyB01WgCT6yh/E0ldeNaHXiqgNKDj2cbLjUZ2fDpUbVhISkHmIJ4Dv4UO638rQB76Z30+g==", "post"=>{"title"=>"Hello", "body"=>"So here is my post"}, "commit"=>"Update Post", "id"=>"1"}
  [1m[36mPost Load (0.2ms)[0m  [1m[34mSELECT "posts".* FROM "posts" WHERE "posts"."id" = ? LIMIT ?[0m  [["id", 1], ["LIMIT", 1]]
  ↳ app/controllers/posts_controller.rb:67:in `set_post'
  [1m[35m (0.1ms)[0m  [1m[36mbegin transaction[0m
  ↳ app/controllers/posts_controller.rb:44:in `block in update'
  [1m[36mPost Update (1.4ms)[0m  [1m[33mUPDATE "posts" SET "body" = ?, "updated_at" = ? WHERE "posts"."id" = ?[0m  [["body", "So here is my post"], ["updated_at", "2020-12-10 12:17:31.583831"], ["id", 1]]
  ↳ app/controllers/posts_controller.rb:44:in `block in update'
  [1m[35m (2.4ms)[0m  [1m[36mcommit transaction[0m
  ↳ app/controllers/posts_controller.rb:44:in `block in update'
Redirected to http://localhost:3000/posts/1
Completed 302 Found in 17ms (ActiveRecord: 4.1ms | Allocations: 3438)


Started GET "/posts/1" for ::1 at 2020-12-10 04:17:31 -0800
Processing by PostsController#show as HTML
  Parameters: {"id"=>"1"}
  [1m[36mPost Load (0.2ms)[0m  [1m[34mSELECT "posts".* FROM "posts" WHERE "posts"."id" = ? LIMIT ?[0m  [["id", 1], ["LIMIT", 1]]
  ↳ app/controllers/posts_controller.rb:67:in `set_post'
  Rendering posts/show.html.erb within layouts/application
  Rendered posts/show.html.erb within layouts/application (Duration: 0.3ms | Allocations: 84)
[Webpacker] Everything's up-to-date. Nothing to do
Completed 200 OK in 12ms (Views: 10.1ms | ActiveRecord: 0.2ms | Allocations: 4535)


Started GET "/posts" for ::1 at 2020-12-10 04:17:32 -0800
Processing by PostsController#index as HTML
  Rendering posts/index.html.erb within layouts/application
  [1m[36mPost Load (0.2ms)[0m  [1m[34mSELECT "posts".* FROM "posts"[0m
  ↳ app/views/posts/index.html.erb:16
  Rendered posts/index.html.erb within layouts/application (Duration: 3.9ms | Allocations: 885)
[Webpacker] Everything's up-to-date. Nothing to do
Completed 200 OK in 15ms (Views: 13.9ms | ActiveRecord: 0.2ms | Allocations: 4766)


Started GET "/posts/2/edit" for ::1 at 2020-12-10 04:17:35 -0800
Processing by PostsController#edit as HTML
  Parameters: {"id"=>"2"}
  [1m[36mPost Load (0.2ms)[0m  [1m[34mSELECT "posts".* FROM "posts" WHERE "posts"."id" = ? LIMIT ?[0m  [["id", 2], ["LIMIT", 1]]
  ↳ app/controllers/posts_controller.rb:67:in `set_post'
  Rendering posts/edit.html.erb within layouts/application
  Rendered posts/_form.html.erb (Duration: 2.8ms | Allocations: 725)
  Rendered posts/edit.html.erb within layouts/application (Duration: 3.6ms | Allocations: 837)
[Webpacker] Everything's up-to-date. Nothing to do
Completed 200 OK in 21ms (Views: 17.5ms | ActiveRecord: 0.2ms | Allocations: 5247)


Started PATCH "/posts/2" for ::1 at 2020-12-10 04:17:43 -0800
Processing by PostsController#update as HTML
  Parameters: {"authenticity_token"=>"3MaSls8+nBxdZVZyb1Zwl1vwSz5IzkJu2+DrgT0R6cLNsmSaEVqDsh/I4K5Ak85RohX5+4rCE2IwJ6zr4dpDjw==", "post"=>{"title"=>"Amazon Future Leaders", "body"=>"At Amazon, we hire the best minds in technology to innovate and build on behalf of our customers. The intense focus we have on our customers is why we are one of the world’s most beloved brands."}, "commit"=>"Update Post", "id"=>"2"}
  [1m[36mPost Load (0.2ms)[0m  [1m[34mSELECT "posts".* FROM "posts" WHERE "posts"."id" = ? LIMIT ?[0m  [["id", 2], ["LIMIT", 1]]
  ↳ app/controllers/posts_controller.rb:67:in `set_post'
  [1m[35m (0.1ms)[0m  [1m[36mbegin transaction[0m
  ↳ app/controllers/posts_controller.rb:44:in `block in update'
  [1m[36mPost Update (0.5ms)[0m  [1m[33mUPDATE "posts" SET "body" = ?, "updated_at" = ? WHERE "posts"."id" = ?[0m  [["body", "At Amazon, we hire the best minds in technology to innovate and build on behalf of our customers. The intense focus we have on our customers is why we are one of the world’s most beloved brands."], ["updated_at", "2020-12-10 12:17:43.932862"], ["id", 2]]
  ↳ app/controllers/posts_controller.rb:44:in `block in update'
  [1m[35m (1.4ms)[0m  [1m[36mcommit transaction[0m
  ↳ app/controllers/posts_controller.rb:44:in `block in update'
Redirected to http://localhost:3000/posts/2
Completed 302 Found in 11ms (ActiveRecord: 2.1ms | Allocations: 3351)


Started GET "/posts/2" for ::1 at 2020-12-10 04:17:43 -0800
Processing by PostsController#show as HTML
  Parameters: {"id"=>"2"}
  [1m[36mPost Load (0.2ms)[0m  [1m[34mSELECT "posts".* FROM "posts" WHERE "posts"."id" = ? LIMIT ?[0m  [["id", 2], ["LIMIT", 1]]
  ↳ app/controllers/posts_controller.rb:67:in `set_post'
  Rendering posts/show.html.erb within layouts/application
  Rendered posts/show.html.erb within layouts/application (Duration: 0.4ms | Allocations: 84)
[Webpacker] Everything's up-to-date. Nothing to do
Completed 200 OK in 10ms (Views: 7.6ms | ActiveRecord: 0.2ms | Allocations: 4510)


Started GET "/posts" for ::1 at 2020-12-10 04:17:45 -0800
Processing by PostsController#index as HTML
  Rendering posts/index.html.erb within layouts/application
  [1m[36mPost Load (0.3ms)[0m  [1m[34mSELECT "posts".* FROM "posts"[0m
  ↳ app/views/posts/index.html.erb:16
  Rendered posts/index.html.erb within layouts/application (Duration: 5.4ms | Allocations: 889)
[Webpacker] Everything's up-to-date. Nothing to do
Completed 200 OK in 21ms (Views: 19.2ms | ActiveRecord: 0.3ms | Allocations: 4780)


  [1m[35m (1.9ms)[0m  [1m[34mSELECT sqlite_version(*)[0m
  [1m[35m (0.7ms)[0m  [1m[34mSELECT "schema_migrations"."version" FROM "schema_migrations" ORDER BY "schema_migrations"."version" ASC[0m
Migrating to AddLinkToPosts (20201210121955)
  [1m[35m (0.1ms)[0m  [1m[36mbegin transaction[0m
  [1m[35m (0.5ms)[0m  [1m[35mALTER TABLE "posts" ADD "body" text[0m
  [1m[35m (0.0ms)[0m  [1m[31mrollback transaction[0m
  [1m[35m (1.9ms)[0m  [1m[34mSELECT sqlite_version(*)[0m
  [1m[35m (0.8ms)[0m  [1m[34mSELECT "schema_migrations"."version" FROM "schema_migrations" ORDER BY "schema_migrations"."version" ASC[0m
Migrating to AddLinkToPosts (20201210122128)
  [1m[35m (0.1ms)[0m  [1m[36mbegin transaction[0m
  [1m[35m (1.0ms)[0m  [1m[35mALTER TABLE "posts" ADD "link" text[0m
  [1m[36mprimary::SchemaMigration Create (0.7ms)[0m  [1m[32mINSERT INTO "schema_migrations" ("version") VALUES (?)[0m  [["version", "20201210122128"]]
  [1m[35m (2.0ms)[0m  [1m[36mcommit transaction[0m
  [1m[36mActiveRecord::InternalMetadata Load (1.0ms)[0m  [1m[34mSELECT "ar_internal_metadata".* FROM "ar_internal_metadata" WHERE "ar_internal_metadata"."key" = ? LIMIT ?[0m  [["key", "environment"], ["LIMIT", 1]]
  [1m[35m (0.1ms)[0m  [1m[34mSELECT sqlite_version(*)[0m
  [1m[35m (0.1ms)[0m  [1m[34mSELECT "schema_migrations"."version" FROM "schema_migrations" ORDER BY "schema_migrations"."version" ASC[0m
Started GET "/posts" for ::1 at 2020-12-10 04:33:31 -0800
  [1m[35m (1.5ms)[0m  [1m[34mSELECT sqlite_version(*)[0m
  [1m[35m (0.7ms)[0m  [1m[34mSELECT "schema_migrations"."version" FROM "schema_migrations" ORDER BY "schema_migrations"."version" ASC[0m
Processing by PostsController#index as HTML
  Rendering posts/index.html.erb within layouts/application
  [1m[36mPost Load (0.9ms)[0m  [1m[34mSELECT "posts".* FROM "posts"[0m
  ↳ app/views/posts/index.html.erb:18
  Rendered posts/index.html.erb within layouts/application (Duration: 13.9ms | Allocations: 5031)
[Webpacker] Everything's up-to-date. Nothing to do
Completed 200 OK in 92ms (Views: 76.1ms | ActiveRecord: 1.7ms | Allocations: 13065)


Started GET "/posts/new" for ::1 at 2020-12-10 04:33:37 -0800
Processing by PostsController#new as HTML
  Rendering posts/new.html.erb within layouts/application
  Rendered posts/_form.html.erb (Duration: 14.4ms | Allocations: 2834)
  Rendered posts/new.html.erb within layouts/application (Duration: 17.2ms | Allocations: 3174)
[Webpacker] Everything's up-to-date. Nothing to do
Completed 200 OK in 27ms (Views: 25.1ms | ActiveRecord: 0.0ms | Allocations: 7226)


Started GET "/posts" for ::1 at 2020-12-10 04:33:38 -0800
Processing by PostsController#index as HTML
  Rendering posts/index.html.erb within layouts/application
  [1m[36mPost Load (0.5ms)[0m  [1m[34mSELECT "posts".* FROM "posts"[0m
  ↳ app/views/posts/index.html.erb:18
  Rendered posts/index.html.erb within layouts/application (Duration: 4.2ms | Allocations: 905)
[Webpacker] Everything's up-to-date. Nothing to do
Completed 200 OK in 23ms (Views: 20.8ms | ActiveRecord: 0.5ms | Allocations: 4795)


Started GET "/posts/2/edit" for ::1 at 2020-12-10 04:33:40 -0800
Processing by PostsController#edit as HTML
  Parameters: {"id"=>"2"}
  [1m[36mPost Load (0.5ms)[0m  [1m[34mSELECT "posts".* FROM "posts" WHERE "posts"."id" = ? LIMIT ?[0m  [["id", 2], ["LIMIT", 1]]
  ↳ app/controllers/posts_controller.rb:67:in `set_post'
  Rendering posts/edit.html.erb within layouts/application
  Rendered posts/_form.html.erb (Duration: 3.2ms | Allocations: 944)
  Rendered posts/edit.html.erb within layouts/application (Duration: 4.5ms | Allocations: 1184)
[Webpacker] Everything's up-to-date. Nothing to do
Completed 200 OK in 20ms (Views: 12.3ms | ActiveRecord: 0.5ms | Allocations: 6161)


Started GET "/posts" for ::1 at 2020-12-10 04:33:42 -0800
Processing by PostsController#index as HTML
  Rendering posts/index.html.erb within layouts/application
  [1m[36mPost Load (0.3ms)[0m  [1m[34mSELECT "posts".* FROM "posts"[0m
  ↳ app/views/posts/index.html.erb:18
  Rendered posts/index.html.erb within layouts/application (Duration: 4.4ms | Allocations: 903)
[Webpacker] Everything's up-to-date. Nothing to do
Completed 200 OK in 22ms (Views: 20.6ms | ActiveRecord: 0.3ms | Allocations: 4800)


Started GET "/posts/2/edit" for ::1 at 2020-12-10 04:34:14 -0800
Processing by PostsController#edit as HTML
  Parameters: {"id"=>"2"}
  [1m[36mPost Load (0.4ms)[0m  [1m[34mSELECT "posts".* FROM "posts" WHERE "posts"."id" = ? LIMIT ?[0m  [["id", 2], ["LIMIT", 1]]
  ↳ app/controllers/posts_controller.rb:67:in `set_post'
  Rendering posts/edit.html.erb within layouts/application
  Rendered posts/_form.html.erb (Duration: 5.4ms | Allocations: 916)
  Rendered posts/edit.html.erb within layouts/application (Duration: 7.2ms | Allocations: 1028)
[Webpacker] Everything's up-to-date. Nothing to do
Completed 200 OK in 36ms (Views: 29.4ms | ActiveRecord: 0.4ms | Allocations: 5438)


Started PATCH "/posts/2" for ::1 at 2020-12-10 04:34:18 -0800
Processing by PostsController#update as HTML
  Parameters: {"authenticity_token"=>"8zXxt8cSmjgfU69dAjyobW8Bdf1xesSblxcWiIA2GnviQQe7GXaFll3+GYEt+RarluTHOLN2lZd80FHiXP2wNg==", "post"=>{"title"=>"Amazon Future Leaders", "body"=>"At Amazon, we hire the best minds in technology to innovate and build on behalf of our customers. The intense focus we have on our customers is why we are one of the world’s most beloved brands.", "link"=>"https://www.amazon.jobs/en/jobs/1332478/amazon-future-leaders-leap-intern-program"}, "commit"=>"Update Post", "id"=>"2"}
  [1m[36mPost Load (0.3ms)[0m  [1m[34mSELECT "posts".* FROM "posts" WHERE "posts"."id" = ? LIMIT ?[0m  [["id", 2], ["LIMIT", 1]]
  ↳ app/controllers/posts_controller.rb:67:in `set_post'
  [1m[35m (0.1ms)[0m  [1m[36mbegin transaction[0m
  ↳ app/controllers/posts_controller.rb:44:in `block in update'
  [1m[36mPost Update (1.1ms)[0m  [1m[33mUPDATE "posts" SET "link" = ?, "updated_at" = ? WHERE "posts"."id" = ?[0m  [["link", "https://www.amazon.jobs/en/jobs/1332478/amazon-future-leaders-leap-intern-program"], ["updated_at", "2020-12-10 12:34:18.591245"], ["id", 2]]
  ↳ app/controllers/posts_controller.rb:44:in `block in update'
  [1m[35m (1.1ms)[0m  [1m[36mcommit transaction[0m
  ↳ app/controllers/posts_controller.rb:44:in `block in update'
Redirected to http://localhost:3000/posts/2
Completed 302 Found in 14ms (ActiveRecord: 2.6ms | Allocations: 3596)


Started GET "/posts/2" for ::1 at 2020-12-10 04:34:18 -0800
Processing by PostsController#show as HTML
  Parameters: {"id"=>"2"}
  [1m[36mPost Load (0.2ms)[0m  [1m[34mSELECT "posts".* FROM "posts" WHERE "posts"."id" = ? LIMIT ?[0m  [["id", 2], ["LIMIT", 1]]
  ↳ app/controllers/posts_controller.rb:67:in `set_post'
  Rendering posts/show.html.erb within layouts/application
  Rendered posts/show.html.erb within layouts/application (Duration: 1.6ms | Allocations: 278)
[Webpacker] Everything's up-to-date. Nothing to do
Completed 200 OK in 17ms (Views: 13.2ms | ActiveRecord: 0.2ms | Allocations: 4860)


Started GET "/posts" for ::1 at 2020-12-10 04:34:20 -0800
Processing by PostsController#index as HTML
  Rendering posts/index.html.erb within layouts/application
  [1m[36mPost Load (0.3ms)[0m  [1m[34mSELECT "posts".* FROM "posts"[0m
  ↳ app/views/posts/index.html.erb:18
  Rendered posts/index.html.erb within layouts/application (Duration: 4.3ms | Allocations: 898)
[Webpacker] Everything's up-to-date. Nothing to do
Completed 200 OK in 14ms (Views: 12.9ms | ActiveRecord: 0.3ms | Allocations: 4795)


  [1m[35m (1.7ms)[0m  [1m[34mSELECT sqlite_version(*)[0m
  [1m[35m (0.8ms)[0m  [1m[34mSELECT "schema_migrations"."version" FROM "schema_migrations" ORDER BY "schema_migrations"."version" ASC[0m
Migrating to CreateJobs (20201210130245)
  [1m[35m (0.1ms)[0m  [1m[36mbegin transaction[0m
  [1m[35m (0.7ms)[0m  [1m[35mCREATE TABLE "jobs" ("id" integer PRIMARY KEY AUTOINCREMENT NOT NULL, "title" varchar, "created_at" datetime(6) NOT NULL, "updated_at" datetime(6) NOT NULL)[0m
  [1m[36mprimary::SchemaMigration Create (0.6ms)[0m  [1m[32mINSERT INTO "schema_migrations" ("version") VALUES (?)[0m  [["version", "20201210130245"]]
  [1m[35m (3.2ms)[0m  [1m[36mcommit transaction[0m
  [1m[36mActiveRecord::InternalMetadata Load (1.2ms)[0m  [1m[34mSELECT "ar_internal_metadata".* FROM "ar_internal_metadata" WHERE "ar_internal_metadata"."key" = ? LIMIT ?[0m  [["key", "environment"], ["LIMIT", 1]]
  [1m[35m (0.1ms)[0m  [1m[34mSELECT sqlite_version(*)[0m
  [1m[35m (0.2ms)[0m  [1m[34mSELECT "schema_migrations"."version" FROM "schema_migrations" ORDER BY "schema_migrations"."version" ASC[0m
Started GET "/posts" for ::1 at 2020-12-10 05:04:14 -0800
  [1m[35m (1.5ms)[0m  [1m[34mSELECT sqlite_version(*)[0m
  [1m[35m (0.6ms)[0m  [1m[34mSELECT "schema_migrations"."version" FROM "schema_migrations" ORDER BY "schema_migrations"."version" ASC[0m
Processing by PostsController#index as HTML
  Rendering posts/index.html.erb within layouts/application
  [1m[36mPost Load (1.5ms)[0m  [1m[34mSELECT "posts".* FROM "posts"[0m
  ↳ app/views/posts/index.html.erb:18
  Rendered posts/index.html.erb within layouts/application (Duration: 25.4ms | Allocations: 5508)
[Webpacker] Everything's up-to-date. Nothing to do
Completed 200 OK in 217ms (Views: 201.4ms | ActiveRecord: 2.6ms | Allocations: 27178)


Started GET "/jobs" for ::1 at 2020-12-10 05:04:23 -0800
Processing by JobsController#index as HTML
  Rendering jobs/index.html.erb within layouts/application
  [1m[36mJob Load (0.9ms)[0m  [1m[34mSELECT "jobs".* FROM "jobs"[0m
  ↳ app/views/jobs/index.html.erb:14
  Rendered jobs/index.html.erb within layouts/application (Duration: 4.5ms | Allocations: 1125)
[Webpacker] Everything's up-to-date. Nothing to do
Completed 200 OK in 24ms (Views: 16.8ms | ActiveRecord: 1.2ms | Allocations: 5903)


Started GET "/posts" for ::1 at 2020-12-10 05:11:09 -0800
  [1m[35m (0.3ms)[0m  [1m[34mSELECT sqlite_version(*)[0m
Processing by PostsController#index as HTML
  Rendering posts/index.html.erb within layouts/application
  [1m[36mPost Load (0.7ms)[0m  [1m[34mSELECT "posts".* FROM "posts"[0m
  ↳ app/views/posts/index.html.erb:29
  Rendered posts/index.html.erb within layouts/application (Duration: 10.4ms | Allocations: 1191)
[Webpacker] Everything's up-to-date. Nothing to do
Completed 200 OK in 54ms (Views: 46.3ms | ActiveRecord: 0.7ms | Allocations: 6030)


Started GET "/posts" for ::1 at 2020-12-10 05:11:20 -0800
Processing by PostsController#index as HTML
  Rendering posts/index.html.erb within layouts/application
  [1m[36mPost Load (0.3ms)[0m  [1m[34mSELECT "posts".* FROM "posts"[0m
  ↳ app/views/posts/index.html.erb:29
  Rendered posts/index.html.erb within layouts/application (Duration: 8.5ms | Allocations: 1180)
[Webpacker] Everything's up-to-date. Nothing to do
Completed 200 OK in 62ms (Views: 59.4ms | ActiveRecord: 0.3ms | Allocations: 6041)


Started GET "/posts" for ::1 at 2020-12-10 05:12:03 -0800
Processing by PostsController#index as HTML
  Rendering posts/index.html.erb within layouts/application
  [1m[36mPost Load (0.2ms)[0m  [1m[34mSELECT "posts".* FROM "posts"[0m
  ↳ app/views/posts/index.html.erb:29
  Rendered posts/index.html.erb within layouts/application (Duration: 4.0ms | Allocations: 1181)
[Webpacker] Everything's up-to-date. Nothing to do
Completed 200 OK in 32ms (Views: 30.4ms | ActiveRecord: 0.2ms | Allocations: 6033)


Started GET "/posts" for ::1 at 2020-12-10 05:12:56 -0800
Processing by PostsController#index as HTML
  Rendering posts/index.html.erb within layouts/application
  Rendered posts/index.html.erb within layouts/application (Duration: 26.8ms | Allocations: 3895)
Completed 500 Internal Server Error in 34ms (ActiveRecord: 0.0ms | Allocations: 5085)


  
ActionView::SyntaxErrorInTemplate (Encountered a syntax error while rendering template: check <p id="notice"><%= notice %></p>


<table>
<tbody>
<tr>
<td><h1>Opportunities</h1>
</td>
<td><%= link_to 'Jobs', /app/views/jobs/index.html.erb %></td>
</tr>
</tbody>
</table>



<table>
  <thead>
    <tr>
      <th>Company</th>
      <th>Description</th>
      <th>Link</th>


      <th colspan="3"></th>
    </tr>
  </thead>

  <tbody>
    <% @posts.each do |post| %>
      <tr>
        <td><%= post.title %></td>
        <td><%= post.body %></td>
        <td><%= post.link %></td>


        <td><%= link_to 'Show', post %></td>
        <td><%= link_to 'Edit', edit_post_path(post) %></td>
        <td><%= link_to 'Destroy', post, method: :delete, data: { confirm: 'Are you sure?' } %></td>
      </tr>
    <% end %>
  </tbody>
</table>

<br>



):
1:    <p id="notice"><%= notice %></p>
2:    
3:    
4:    <table>
5:    <tbody>
6:    <tr>
7:    <td><h1>Opportunities</h1>
8:    </td>
9:    <td><%= link_to 'Jobs', /app/views/jobs/index.html.erb %></td>
10:    </tr>
11:    </tbody>
12:    </table>
13:    
14:    
15:    
16:    <table>
17:      <thead>
18:        <tr>
19:          <th>Company</th>
20:          <th>Description</th>
21:          <th>Link</th>
22:    
23:    
24:          <th colspan="3"></th>
25:        </tr>
26:      </thead>
27:    
28:      <tbody>
29:        <% @posts.each do |post| %>
30:          <tr>
31:            <td><%= post.title %></td>
32:            <td><%= post.body %></td>
33:            <td><%= post.link %></td>
34:    
35:    
36:            <td><%= link_to 'Show', post %></td>
37:            <td><%= link_to 'Edit', edit_post_path(post) %></td>
38:            <td><%= link_to 'Destroy', post, method: :delete, data: { confirm: 'Are you sure?' } %></td>
39:          </tr>
40:        <% end %>
41:      </tbody>
42:    </table>
43:    
44:    <br>
  
app/views/posts/index.html.erb:9: unknown regexp options - vw
app/views/posts/index.html.erb:9: unknown regexp options - vw
app/views/posts/index.html.erb:9: unknown regexp options - vw
app/views/posts/index.html.erb:9: unknown regexp options - vw
app/views/posts/index.html.erb:9: unknown regexp options - vw
app/views/posts/index.html.erb:9: unknown regexp options - vw
Started PATCH "/posts/2" for ::1 at 2020-12-10 05:13:05 -0800
Processing by PostsController#update as HTML
  Parameters: {"authenticity_token"=>"0EFx4ER4Fs9mRACSsVGZe/0BxMondfirWK6sA5c9/5JFPXYQ7KbIsoiiC6KQHvRr0vacL2TKEWycWJ4wvKcAwQ==", "post"=>{"title"=>"Amazon Future Leaders", "body"=>"At Amazon, we hire the best minds in technology to innovate and build on behalf of our customers. The intense focus we have on our customers is why we are one of the world’s most beloved brands.", "link"=>"https://www.amazon.jobs/en/jobs/1332478/amazon-future-leaders-leap-intern-program"}, "commit"=>"Update Post", "id"=>"2"}
  [1m[36mPost Load (0.5ms)[0m  [1m[34mSELECT "posts".* FROM "posts" WHERE "posts"."id" = ? LIMIT ?[0m  [["id", 2], ["LIMIT", 1]]
  ↳ app/controllers/posts_controller.rb:67:in `set_post'
Redirected to http://localhost:3000/posts/2
Completed 302 Found in 10ms (ActiveRecord: 0.5ms | Allocations: 1797)


Started GET "/posts/2" for ::1 at 2020-12-10 05:13:05 -0800
Processing by PostsController#show as HTML
  Parameters: {"id"=>"2"}
  [1m[36mPost Load (0.2ms)[0m  [1m[34mSELECT "posts".* FROM "posts" WHERE "posts"."id" = ? LIMIT ?[0m  [["id", 2], ["LIMIT", 1]]
  ↳ app/controllers/posts_controller.rb:67:in `set_post'
  Rendering posts/show.html.erb within layouts/application
  Rendered posts/show.html.erb within layouts/application (Duration: 1.3ms | Allocations: 280)
[Webpacker] Everything's up-to-date. Nothing to do
Completed 200 OK in 32ms (Views: 28.8ms | ActiveRecord: 0.2ms | Allocations: 5130)


Started GET "/posts" for ::1 at 2020-12-10 05:13:06 -0800
Processing by PostsController#index as HTML
  Rendering posts/index.html.erb within layouts/application
  Rendered posts/index.html.erb within layouts/application (Duration: 1.1ms | Allocations: 1163)
Completed 500 Internal Server Error in 3ms (ActiveRecord: 0.0ms | Allocations: 1633)


  
ActionView::SyntaxErrorInTemplate (Encountered a syntax error while rendering template: check <p id="notice"><%= notice %></p>


<table>
<tbody>
<tr>
<td><h1>Opportunities</h1>
</td>
<td><%= link_to 'Jobs', /app/views/jobs/index.html.erb %></td>
</tr>
</tbody>
</table>



<table>
  <thead>
    <tr>
      <th>Company</th>
      <th>Description</th>
      <th>Link</th>


      <th colspan="3"></th>
    </tr>
  </thead>

  <tbody>
    <% @posts.each do |post| %>
      <tr>
        <td><%= post.title %></td>
        <td><%= post.body %></td>
        <td><%= post.link %></td>


        <td><%= link_to 'Show', post %></td>
        <td><%= link_to 'Edit', edit_post_path(post) %></td>
        <td><%= link_to 'Destroy', post, method: :delete, data: { confirm: 'Are you sure?' } %></td>
      </tr>
    <% end %>
  </tbody>
</table>

<br>



):
1:    <p id="notice"><%= notice %></p>
2:    
3:    
4:    <table>
5:    <tbody>
6:    <tr>
7:    <td><h1>Opportunities</h1>
8:    </td>
9:    <td><%= link_to 'Jobs', /app/views/jobs/index.html.erb %></td>
10:    </tr>
11:    </tbody>
12:    </table>
13:    
14:    
15:    
16:    <table>
17:      <thead>
18:        <tr>
19:          <th>Company</th>
20:          <th>Description</th>
21:          <th>Link</th>
22:    
23:    
24:          <th colspan="3"></th>
25:        </tr>
26:      </thead>
27:    
28:      <tbody>
29:        <% @posts.each do |post| %>
30:          <tr>
31:            <td><%= post.title %></td>
32:            <td><%= post.body %></td>
33:            <td><%= post.link %></td>
34:    
35:    
36:            <td><%= link_to 'Show', post %></td>
37:            <td><%= link_to 'Edit', edit_post_path(post) %></td>
38:            <td><%= link_to 'Destroy', post, method: :delete, data: { confirm: 'Are you sure?' } %></td>
39:          </tr>
40:        <% end %>
41:      </tbody>
42:    </table>
43:    
44:    <br>
  
app/views/posts/index.html.erb:9: unknown regexp options - vw
app/views/posts/index.html.erb:9: unknown regexp options - vw
app/views/posts/index.html.erb:9: unknown regexp options - vw
app/views/posts/index.html.erb:9: unknown regexp options - vw
app/views/posts/index.html.erb:9: unknown regexp options - vw
app/views/posts/index.html.erb:9: unknown regexp options - vw
Started GET "/posts" for ::1 at 2020-12-10 05:13:17 -0800
Processing by PostsController#index as HTML
  Rendering posts/index.html.erb within layouts/application
  [1m[36mPost Load (0.3ms)[0m  [1m[34mSELECT "posts".* FROM "posts" LIMIT ?[0m  [["LIMIT", 11]]
  [1m[36mCACHE Post Load (0.0ms)[0m  [1m[34mSELECT "posts".* FROM "posts" LIMIT ?[0m  [["LIMIT", 11]]
  [1m[36mCACHE Post Load (0.0ms)[0m  [1m[34mSELECT "posts".* FROM "posts" LIMIT ?[0m  [["LIMIT", 11]]
  [1m[36mCACHE Post Load (0.0ms)[0m  [1m[34mSELECT "posts".* FROM "posts" LIMIT ?[0m  [["LIMIT", 11]]
  [1m[36mCACHE Post Load (0.0ms)[0m  [1m[34mSELECT "posts".* FROM "posts" LIMIT ?[0m  [["LIMIT", 11]]
  [1m[36mCACHE Post Load (0.0ms)[0m  [1m[34mSELECT "posts".* FROM "posts" LIMIT ?[0m  [["LIMIT", 11]]
  [1m[36mCACHE Post Load (0.0ms)[0m  [1m[34mSELECT "posts".* FROM "posts" LIMIT ?[0m  [["LIMIT", 11]]
  [1m[36mCACHE Post Load (0.0ms)[0m  [1m[34mSELECT "posts".* FROM "posts" LIMIT ?[0m  [["LIMIT", 11]]
  Rendered posts/index.html.erb within layouts/application (Duration: 415.6ms | Allocations: 138226)
Completed 500 Internal Server Error in 421ms (ActiveRecord: 0.5ms | Allocations: 139433)


  
ActionView::Template::Error (undefined local variable or method `views' for #<#<Class:0x00007fee86c9bae0>:0x00007fee87ee7fa0>):
     6: <tr>
     7: <td><h1>Opportunities</h1>
     8: </td>
     9: <td><%= link_to 'Jobs', views/jobs/index.html.erb %></td>
    10: </tr>
    11: </tbody>
    12: </table>
  
app/views/posts/index.html.erb:9
Started GET "/posts" for ::1 at 2020-12-10 05:13:30 -0800
Processing by PostsController#index as HTML
  Rendering posts/index.html.erb within layouts/application
  [1m[36mPost Load (0.2ms)[0m  [1m[34mSELECT "posts".* FROM "posts" LIMIT ?[0m  [["LIMIT", 11]]
  [1m[36mCACHE Post Load (0.1ms)[0m  [1m[34mSELECT "posts".* FROM "posts" LIMIT ?[0m  [["LIMIT", 11]]
  [1m[36mCACHE Post Load (0.0ms)[0m  [1m[34mSELECT "posts".* FROM "posts" LIMIT ?[0m  [["LIMIT", 11]]
  [1m[36mCACHE Post Load (0.0ms)[0m  [1m[34mSELECT "posts".* FROM "posts" LIMIT ?[0m  [["LIMIT", 11]]
  [1m[36mCACHE Post Load (0.0ms)[0m  [1m[34mSELECT "posts".* FROM "posts" LIMIT ?[0m  [["LIMIT", 11]]
  [1m[36mCACHE Post Load (0.0ms)[0m  [1m[34mSELECT "posts".* FROM "posts" LIMIT ?[0m  [["LIMIT", 11]]
  [1m[36mCACHE Post Load (0.0ms)[0m  [1m[34mSELECT "posts".* FROM "posts" LIMIT ?[0m  [["LIMIT", 11]]
  [1m[36mCACHE Post Load (0.0ms)[0m  [1m[34mSELECT "posts".* FROM "posts" LIMIT ?[0m  [["LIMIT", 11]]
  Rendered posts/index.html.erb within layouts/application (Duration: 283.1ms | Allocations: 137888)
Completed 500 Internal Server Error in 285ms (ActiveRecord: 0.5ms | Allocations: 138354)


  
ActionView::Template::Error (undefined local variable or method `views' for #<#<Class:0x00007fee86c9bae0>:0x00007fee8cba2958>):
     6: <tr>
     7: <td><h1>Opportunities</h1>
     8: </td>
     9: <td><%= link_to 'Jobs', views/jobs/index.html.erb %></td>
    10: </tr>
    11: </tbody>
    12: </table>
  
app/views/posts/index.html.erb:9
Started GET "/posts" for ::1 at 2020-12-10 05:14:10 -0800
Processing by PostsController#index as HTML
  Rendering posts/index.html.erb within layouts/application
  [1m[36mPost Load (0.3ms)[0m  [1m[34mSELECT "posts".* FROM "posts"[0m
  ↳ app/views/posts/index.html.erb:29
  Rendered posts/index.html.erb within layouts/application (Duration: 3.5ms | Allocations: 1166)
[Webpacker] Everything's up-to-date. Nothing to do
Completed 200 OK in 28ms (Views: 25.8ms | ActiveRecord: 0.3ms | Allocations: 6042)


Started GET "/app/views/jobs/index.html.erb" for ::1 at 2020-12-10 05:14:12 -0800
  
ActionController::RoutingError (No route matches [GET] "/app/views/jobs/index.html.erb"):
  
actionpack (6.0.3.4) lib/action_dispatch/middleware/debug_exceptions.rb:36:in `call'
web-console (4.1.0) lib/web_console/middleware.rb:132:in `call_app'
web-console (4.1.0) lib/web_console/middleware.rb:28:in `block in call'
web-console (4.1.0) lib/web_console/middleware.rb:17:in `catch'
web-console (4.1.0) lib/web_console/middleware.rb:17:in `call'
actionpack (6.0.3.4) lib/action_dispatch/middleware/show_exceptions.rb:33:in `call'
railties (6.0.3.4) lib/rails/rack/logger.rb:37:in `call_app'
railties (6.0.3.4) lib/rails/rack/logger.rb:26:in `block in call'
activesupport (6.0.3.4) lib/active_support/tagged_logging.rb:80:in `block in tagged'
activesupport (6.0.3.4) lib/active_support/tagged_logging.rb:28:in `tagged'
activesupport (6.0.3.4) lib/active_support/tagged_logging.rb:80:in `tagged'
railties (6.0.3.4) lib/rails/rack/logger.rb:26:in `call'
sprockets-rails (3.2.2) lib/sprockets/rails/quiet_assets.rb:13:in `call'
actionpack (6.0.3.4) lib/action_dispatch/middleware/remote_ip.rb:81:in `call'
actionpack (6.0.3.4) lib/action_dispatch/middleware/request_id.rb:27:in `call'
rack (2.2.3) lib/rack/method_override.rb:24:in `call'
rack (2.2.3) lib/rack/runtime.rb:22:in `call'
activesupport (6.0.3.4) lib/active_support/cache/strategy/local_cache_middleware.rb:29:in `call'
actionpack (6.0.3.4) lib/action_dispatch/middleware/executor.rb:14:in `call'
actionpack (6.0.3.4) lib/action_dispatch/middleware/static.rb:126:in `call'
rack (2.2.3) lib/rack/sendfile.rb:110:in `call'
actionpack (6.0.3.4) lib/action_dispatch/middleware/host_authorization.rb:82:in `call'
webpacker (4.3.0) lib/webpacker/dev_server_proxy.rb:23:in `perform_request'
rack-proxy (0.6.5) lib/rack/proxy.rb:57:in `call'
railties (6.0.3.4) lib/rails/engine.rb:527:in `call'
puma (4.3.7) lib/puma/configuration.rb:228:in `call'
puma (4.3.7) lib/puma/server.rb:713:in `handle_request'
puma (4.3.7) lib/puma/server.rb:472:in `process_client'
puma (4.3.7) lib/puma/server.rb:328:in `block in run'
puma (4.3.7) lib/puma/thread_pool.rb:134:in `block in spawn_thread'
Started GET "/posts" for ::1 at 2020-12-10 05:15:45 -0800
Processing by PostsController#index as HTML
  Rendering posts/index.html.erb within layouts/application
  [1m[36mPost Load (0.3ms)[0m  [1m[34mSELECT "posts".* FROM "posts"[0m
  ↳ app/views/posts/index.html.erb:29
  Rendered posts/index.html.erb within layouts/application (Duration: 4.2ms | Allocations: 1204)
[Webpacker] Everything's up-to-date. Nothing to do
Completed 200 OK in 40ms (Views: 36.7ms | ActiveRecord: 0.3ms | Allocations: 6067)


Started GET "/posts/new" for ::1 at 2020-12-10 05:15:47 -0800
Processing by PostsController#new as HTML
  Rendering posts/new.html.erb within layouts/application
  Rendered posts/_form.html.erb (Duration: 25.0ms | Allocations: 5065)
  Rendered posts/new.html.erb within layouts/application (Duration: 38.7ms | Allocations: 5394)
[Webpacker] Everything's up-to-date. Nothing to do
Completed 200 OK in 48ms (Views: 45.9ms | ActiveRecord: 0.0ms | Allocations: 9406)


Started GET "/posts" for ::1 at 2020-12-10 05:15:48 -0800
Processing by PostsController#index as HTML
  Rendering posts/index.html.erb within layouts/application
  [1m[36mPost Load (0.3ms)[0m  [1m[34mSELECT "posts".* FROM "posts"[0m
  ↳ app/views/posts/index.html.erb:29
  Rendered posts/index.html.erb within layouts/application (Duration: 3.0ms | Allocations: 913)
[Webpacker] Everything's up-to-date. Nothing to do
Completed 200 OK in 14ms (Views: 11.6ms | ActiveRecord: 0.3ms | Allocations: 4853)


Started GET "/app/views/jobs/index.html.erb" for ::1 at 2020-12-10 05:15:59 -0800
  
ActionController::RoutingError (No route matches [GET] "/app/views/jobs/index.html.erb"):
  
actionpack (6.0.3.4) lib/action_dispatch/middleware/debug_exceptions.rb:36:in `call'
web-console (4.1.0) lib/web_console/middleware.rb:132:in `call_app'
web-console (4.1.0) lib/web_console/middleware.rb:28:in `block in call'
web-console (4.1.0) lib/web_console/middleware.rb:17:in `catch'
web-console (4.1.0) lib/web_console/middleware.rb:17:in `call'
actionpack (6.0.3.4) lib/action_dispatch/middleware/show_exceptions.rb:33:in `call'
railties (6.0.3.4) lib/rails/rack/logger.rb:37:in `call_app'
railties (6.0.3.4) lib/rails/rack/logger.rb:26:in `block in call'
activesupport (6.0.3.4) lib/active_support/tagged_logging.rb:80:in `block in tagged'
activesupport (6.0.3.4) lib/active_support/tagged_logging.rb:28:in `tagged'
activesupport (6.0.3.4) lib/active_support/tagged_logging.rb:80:in `tagged'
railties (6.0.3.4) lib/rails/rack/logger.rb:26:in `call'
sprockets-rails (3.2.2) lib/sprockets/rails/quiet_assets.rb:13:in `call'
actionpack (6.0.3.4) lib/action_dispatch/middleware/remote_ip.rb:81:in `call'
actionpack (6.0.3.4) lib/action_dispatch/middleware/request_id.rb:27:in `call'
rack (2.2.3) lib/rack/method_override.rb:24:in `call'
rack (2.2.3) lib/rack/runtime.rb:22:in `call'
activesupport (6.0.3.4) lib/active_support/cache/strategy/local_cache_middleware.rb:29:in `call'
actionpack (6.0.3.4) lib/action_dispatch/middleware/executor.rb:14:in `call'
actionpack (6.0.3.4) lib/action_dispatch/middleware/static.rb:126:in `call'
rack (2.2.3) lib/rack/sendfile.rb:110:in `call'
actionpack (6.0.3.4) lib/action_dispatch/middleware/host_authorization.rb:82:in `call'
webpacker (4.3.0) lib/webpacker/dev_server_proxy.rb:23:in `perform_request'
rack-proxy (0.6.5) lib/rack/proxy.rb:57:in `call'
railties (6.0.3.4) lib/rails/engine.rb:527:in `call'
puma (4.3.7) lib/puma/configuration.rb:228:in `call'
puma (4.3.7) lib/puma/server.rb:713:in `handle_request'
puma (4.3.7) lib/puma/server.rb:472:in `process_client'
puma (4.3.7) lib/puma/server.rb:328:in `block in run'
puma (4.3.7) lib/puma/thread_pool.rb:134:in `block in spawn_thread'
Started GET "/app/views/jobs/index.html.erb" for ::1 at 2020-12-10 05:16:17 -0800
  
ActionController::RoutingError (No route matches [GET] "/app/views/jobs/index.html.erb"):
  
actionpack (6.0.3.4) lib/action_dispatch/middleware/debug_exceptions.rb:36:in `call'
web-console (4.1.0) lib/web_console/middleware.rb:132:in `call_app'
web-console (4.1.0) lib/web_console/middleware.rb:28:in `block in call'
web-console (4.1.0) lib/web_console/middleware.rb:17:in `catch'
web-console (4.1.0) lib/web_console/middleware.rb:17:in `call'
actionpack (6.0.3.4) lib/action_dispatch/middleware/show_exceptions.rb:33:in `call'
railties (6.0.3.4) lib/rails/rack/logger.rb:37:in `call_app'
railties (6.0.3.4) lib/rails/rack/logger.rb:26:in `block in call'
activesupport (6.0.3.4) lib/active_support/tagged_logging.rb:80:in `block in tagged'
activesupport (6.0.3.4) lib/active_support/tagged_logging.rb:28:in `tagged'
activesupport (6.0.3.4) lib/active_support/tagged_logging.rb:80:in `tagged'
railties (6.0.3.4) lib/rails/rack/logger.rb:26:in `call'
sprockets-rails (3.2.2) lib/sprockets/rails/quiet_assets.rb:13:in `call'
actionpack (6.0.3.4) lib/action_dispatch/middleware/remote_ip.rb:81:in `call'
actionpack (6.0.3.4) lib/action_dispatch/middleware/request_id.rb:27:in `call'
rack (2.2.3) lib/rack/method_override.rb:24:in `call'
rack (2.2.3) lib/rack/runtime.rb:22:in `call'
activesupport (6.0.3.4) lib/active_support/cache/strategy/local_cache_middleware.rb:29:in `call'
actionpack (6.0.3.4) lib/action_dispatch/middleware/executor.rb:14:in `call'
actionpack (6.0.3.4) lib/action_dispatch/middleware/static.rb:126:in `call'
rack (2.2.3) lib/rack/sendfile.rb:110:in `call'
actionpack (6.0.3.4) lib/action_dispatch/middleware/host_authorization.rb:82:in `call'
webpacker (4.3.0) lib/webpacker/dev_server_proxy.rb:23:in `perform_request'
rack-proxy (0.6.5) lib/rack/proxy.rb:57:in `call'
railties (6.0.3.4) lib/rails/engine.rb:527:in `call'
puma (4.3.7) lib/puma/configuration.rb:228:in `call'
puma (4.3.7) lib/puma/server.rb:713:in `handle_request'
puma (4.3.7) lib/puma/server.rb:472:in `process_client'
puma (4.3.7) lib/puma/server.rb:328:in `block in run'
puma (4.3.7) lib/puma/thread_pool.rb:134:in `block in spawn_thread'
Started GET "/app/views/jobs/index.html.erb" for ::1 at 2020-12-10 05:16:20 -0800
  
ActionController::RoutingError (No route matches [GET] "/app/views/jobs/index.html.erb"):
  
actionpack (6.0.3.4) lib/action_dispatch/middleware/debug_exceptions.rb:36:in `call'
web-console (4.1.0) lib/web_console/middleware.rb:132:in `call_app'
web-console (4.1.0) lib/web_console/middleware.rb:28:in `block in call'
web-console (4.1.0) lib/web_console/middleware.rb:17:in `catch'
web-console (4.1.0) lib/web_console/middleware.rb:17:in `call'
actionpack (6.0.3.4) lib/action_dispatch/middleware/show_exceptions.rb:33:in `call'
railties (6.0.3.4) lib/rails/rack/logger.rb:37:in `call_app'
railties (6.0.3.4) lib/rails/rack/logger.rb:26:in `block in call'
activesupport (6.0.3.4) lib/active_support/tagged_logging.rb:80:in `block in tagged'
activesupport (6.0.3.4) lib/active_support/tagged_logging.rb:28:in `tagged'
activesupport (6.0.3.4) lib/active_support/tagged_logging.rb:80:in `tagged'
railties (6.0.3.4) lib/rails/rack/logger.rb:26:in `call'
sprockets-rails (3.2.2) lib/sprockets/rails/quiet_assets.rb:13:in `call'
actionpack (6.0.3.4) lib/action_dispatch/middleware/remote_ip.rb:81:in `call'
actionpack (6.0.3.4) lib/action_dispatch/middleware/request_id.rb:27:in `call'
rack (2.2.3) lib/rack/method_override.rb:24:in `call'
rack (2.2.3) lib/rack/runtime.rb:22:in `call'
activesupport (6.0.3.4) lib/active_support/cache/strategy/local_cache_middleware.rb:29:in `call'
actionpack (6.0.3.4) lib/action_dispatch/middleware/executor.rb:14:in `call'
actionpack (6.0.3.4) lib/action_dispatch/middleware/static.rb:126:in `call'
rack (2.2.3) lib/rack/sendfile.rb:110:in `call'
actionpack (6.0.3.4) lib/action_dispatch/middleware/host_authorization.rb:82:in `call'
webpacker (4.3.0) lib/webpacker/dev_server_proxy.rb:23:in `perform_request'
rack-proxy (0.6.5) lib/rack/proxy.rb:57:in `call'
railties (6.0.3.4) lib/rails/engine.rb:527:in `call'
puma (4.3.7) lib/puma/configuration.rb:228:in `call'
puma (4.3.7) lib/puma/server.rb:713:in `handle_request'
puma (4.3.7) lib/puma/server.rb:472:in `process_client'
puma (4.3.7) lib/puma/server.rb:328:in `block in run'
puma (4.3.7) lib/puma/thread_pool.rb:134:in `block in spawn_thread'
Started GET "/app/views/jobs/index.html.erb" for ::1 at 2020-12-10 05:16:42 -0800
  
ActionController::RoutingError (No route matches [GET] "/app/views/jobs/index.html.erb"):
  
actionpack (6.0.3.4) lib/action_dispatch/middleware/debug_exceptions.rb:36:in `call'
web-console (4.1.0) lib/web_console/middleware.rb:132:in `call_app'
web-console (4.1.0) lib/web_console/middleware.rb:28:in `block in call'
web-console (4.1.0) lib/web_console/middleware.rb:17:in `catch'
web-console (4.1.0) lib/web_console/middleware.rb:17:in `call'
actionpack (6.0.3.4) lib/action_dispatch/middleware/show_exceptions.rb:33:in `call'
railties (6.0.3.4) lib/rails/rack/logger.rb:37:in `call_app'
railties (6.0.3.4) lib/rails/rack/logger.rb:26:in `block in call'
activesupport (6.0.3.4) lib/active_support/tagged_logging.rb:80:in `block in tagged'
activesupport (6.0.3.4) lib/active_support/tagged_logging.rb:28:in `tagged'
activesupport (6.0.3.4) lib/active_support/tagged_logging.rb:80:in `tagged'
railties (6.0.3.4) lib/rails/rack/logger.rb:26:in `call'
sprockets-rails (3.2.2) lib/sprockets/rails/quiet_assets.rb:13:in `call'
actionpack (6.0.3.4) lib/action_dispatch/middleware/remote_ip.rb:81:in `call'
actionpack (6.0.3.4) lib/action_dispatch/middleware/request_id.rb:27:in `call'
rack (2.2.3) lib/rack/method_override.rb:24:in `call'
rack (2.2.3) lib/rack/runtime.rb:22:in `call'
activesupport (6.0.3.4) lib/active_support/cache/strategy/local_cache_middleware.rb:29:in `call'
actionpack (6.0.3.4) lib/action_dispatch/middleware/executor.rb:14:in `call'
actionpack (6.0.3.4) lib/action_dispatch/middleware/static.rb:126:in `call'
rack (2.2.3) lib/rack/sendfile.rb:110:in `call'
actionpack (6.0.3.4) lib/action_dispatch/middleware/host_authorization.rb:82:in `call'
webpacker (4.3.0) lib/webpacker/dev_server_proxy.rb:23:in `perform_request'
rack-proxy (0.6.5) lib/rack/proxy.rb:57:in `call'
railties (6.0.3.4) lib/rails/engine.rb:527:in `call'
puma (4.3.7) lib/puma/configuration.rb:228:in `call'
puma (4.3.7) lib/puma/server.rb:713:in `handle_request'
puma (4.3.7) lib/puma/server.rb:472:in `process_client'
puma (4.3.7) lib/puma/server.rb:328:in `block in run'
puma (4.3.7) lib/puma/thread_pool.rb:134:in `block in spawn_thread'
Started GET "/app/views/jobs/index.html.erb" for ::1 at 2020-12-10 05:16:45 -0800
  
ActionController::RoutingError (No route matches [GET] "/app/views/jobs/index.html.erb"):
  
actionpack (6.0.3.4) lib/action_dispatch/middleware/debug_exceptions.rb:36:in `call'
web-console (4.1.0) lib/web_console/middleware.rb:132:in `call_app'
web-console (4.1.0) lib/web_console/middleware.rb:28:in `block in call'
web-console (4.1.0) lib/web_console/middleware.rb:17:in `catch'
web-console (4.1.0) lib/web_console/middleware.rb:17:in `call'
actionpack (6.0.3.4) lib/action_dispatch/middleware/show_exceptions.rb:33:in `call'
railties (6.0.3.4) lib/rails/rack/logger.rb:37:in `call_app'
railties (6.0.3.4) lib/rails/rack/logger.rb:26:in `block in call'
activesupport (6.0.3.4) lib/active_support/tagged_logging.rb:80:in `block in tagged'
activesupport (6.0.3.4) lib/active_support/tagged_logging.rb:28:in `tagged'
activesupport (6.0.3.4) lib/active_support/tagged_logging.rb:80:in `tagged'
railties (6.0.3.4) lib/rails/rack/logger.rb:26:in `call'
sprockets-rails (3.2.2) lib/sprockets/rails/quiet_assets.rb:13:in `call'
actionpack (6.0.3.4) lib/action_dispatch/middleware/remote_ip.rb:81:in `call'
actionpack (6.0.3.4) lib/action_dispatch/middleware/request_id.rb:27:in `call'
rack (2.2.3) lib/rack/method_override.rb:24:in `call'
rack (2.2.3) lib/rack/runtime.rb:22:in `call'
activesupport (6.0.3.4) lib/active_support/cache/strategy/local_cache_middleware.rb:29:in `call'
actionpack (6.0.3.4) lib/action_dispatch/middleware/executor.rb:14:in `call'
actionpack (6.0.3.4) lib/action_dispatch/middleware/static.rb:126:in `call'
rack (2.2.3) lib/rack/sendfile.rb:110:in `call'
actionpack (6.0.3.4) lib/action_dispatch/middleware/host_authorization.rb:82:in `call'
webpacker (4.3.0) lib/webpacker/dev_server_proxy.rb:23:in `perform_request'
rack-proxy (0.6.5) lib/rack/proxy.rb:57:in `call'
railties (6.0.3.4) lib/rails/engine.rb:527:in `call'
puma (4.3.7) lib/puma/configuration.rb:228:in `call'
puma (4.3.7) lib/puma/server.rb:713:in `handle_request'
puma (4.3.7) lib/puma/server.rb:472:in `process_client'
puma (4.3.7) lib/puma/server.rb:328:in `block in run'
puma (4.3.7) lib/puma/thread_pool.rb:134:in `block in spawn_thread'
Started GET "/posts" for ::1 at 2020-12-10 05:18:23 -0800
Processing by PostsController#index as HTML
  Rendering posts/index.html.erb within layouts/application
  [1m[36mPost Load (0.6ms)[0m  [1m[34mSELECT "posts".* FROM "posts"[0m
  ↳ app/views/posts/index.html.erb:29
  Rendered posts/index.html.erb within layouts/application (Duration: 12.1ms | Allocations: 1186)
[Webpacker] Everything's up-to-date. Nothing to do
Completed 200 OK in 66ms (Views: 63.1ms | ActiveRecord: 0.6ms | Allocations: 6057)


Started GET "/posts/new" for ::1 at 2020-12-10 05:18:29 -0800
Processing by PostsController#new as HTML
  Rendering posts/new.html.erb within layouts/application
  Rendered posts/_form.html.erb (Duration: 6.0ms | Allocations: 1207)
  Rendered posts/new.html.erb within layouts/application (Duration: 8.9ms | Allocations: 1533)
[Webpacker] Everything's up-to-date. Nothing to do
Completed 200 OK in 26ms (Views: 21.3ms | ActiveRecord: 0.0ms | Allocations: 5613)


Started GET "/posts" for ::1 at 2020-12-10 05:18:31 -0800
Processing by PostsController#index as HTML
  Rendering posts/index.html.erb within layouts/application
  [1m[36mPost Load (0.3ms)[0m  [1m[34mSELECT "posts".* FROM "posts"[0m
  ↳ app/views/posts/index.html.erb:29
  Rendered posts/index.html.erb within layouts/application (Duration: 5.2ms | Allocations: 900)
[Webpacker] Everything's up-to-date. Nothing to do
Completed 200 OK in 21ms (Views: 20.2ms | ActiveRecord: 0.3ms | Allocations: 4838)


Started GET "/posts/2/edit" for ::1 at 2020-12-10 05:18:49 -0800
Processing by PostsController#edit as HTML
  Parameters: {"id"=>"2"}
  [1m[36mPost Load (0.2ms)[0m  [1m[34mSELECT "posts".* FROM "posts" WHERE "posts"."id" = ? LIMIT ?[0m  [["id", 2], ["LIMIT", 1]]
  ↳ app/controllers/posts_controller.rb:67:in `set_post'
  Rendering posts/edit.html.erb within layouts/application
  Rendered posts/_form.html.erb (Duration: 4.5ms | Allocations: 951)
  Rendered posts/edit.html.erb within layouts/application (Duration: 7.2ms | Allocations: 1189)
[Webpacker] Everything's up-to-date. Nothing to do
Completed 200 OK in 25ms (Views: 18.9ms | ActiveRecord: 0.2ms | Allocations: 5798)


Started GET "/posts" for ::1 at 2020-12-10 05:20:11 -0800
Processing by PostsController#index as HTML
  Rendering posts/index.html.erb within layouts/application
  [1m[36mPost Load (0.3ms)[0m  [1m[34mSELECT "posts".* FROM "posts"[0m
  ↳ app/views/posts/index.html.erb:30
  Rendered posts/index.html.erb within layouts/application (Duration: 5.0ms | Allocations: 1211)
[Webpacker] Everything's up-to-date. Nothing to do
Completed 200 OK in 53ms (Views: 50.2ms | ActiveRecord: 0.3ms | Allocations: 6063)


Started GET "/jobs" for ::1 at 2020-12-10 05:20:12 -0800
Processing by JobsController#index as HTML
  Rendering jobs/index.html.erb within layouts/application
  [1m[36mJob Load (1.1ms)[0m  [1m[34mSELECT "jobs".* FROM "jobs"[0m
  ↳ app/views/jobs/index.html.erb:14
  Rendered jobs/index.html.erb within layouts/application (Duration: 5.0ms | Allocations: 880)
[Webpacker] Everything's up-to-date. Nothing to do
Completed 200 OK in 19ms (Views: 15.6ms | ActiveRecord: 1.1ms | Allocations: 5405)


Started GET "/jobs" for ::1 at 2020-12-10 05:20:18 -0800
Processing by JobsController#index as HTML
  Rendering jobs/index.html.erb within layouts/application
  [1m[36mJob Load (0.2ms)[0m  [1m[34mSELECT "jobs".* FROM "jobs"[0m
  ↳ app/views/jobs/index.html.erb:14
  Rendered jobs/index.html.erb within layouts/application (Duration: 1.8ms | Allocations: 635)
[Webpacker] Everything's up-to-date. Nothing to do
Completed 200 OK in 19ms (Views: 17.9ms | ActiveRecord: 0.2ms | Allocations: 4577)


Started GET "/posts" for ::1 at 2020-12-10 05:22:36 -0800
Processing by PostsController#index as HTML
  Rendering posts/index.html.erb within layouts/application
  [1m[36mPost Load (0.3ms)[0m  [1m[34mSELECT "posts".* FROM "posts"[0m
  ↳ app/views/posts/index.html.erb:30
  Rendered posts/index.html.erb within layouts/application (Duration: 4.6ms | Allocations: 1210)
[Webpacker] Everything's up-to-date. Nothing to do
Completed 200 OK in 33ms (Views: 31.3ms | ActiveRecord: 0.3ms | Allocations: 6066)


Started GET "/jobs" for ::1 at 2020-12-10 05:22:38 -0800
Processing by JobsController#index as HTML
  Rendering jobs/index.html.erb within layouts/application
  [1m[36mJob Load (0.3ms)[0m  [1m[34mSELECT "jobs".* FROM "jobs"[0m
  ↳ app/views/jobs/index.html.erb:28
  Rendered jobs/index.html.erb within layouts/application (Duration: 4.4ms | Allocations: 918)
[Webpacker] Everything's up-to-date. Nothing to do
Completed 200 OK in 19ms (Views: 17.2ms | ActiveRecord: 0.3ms | Allocations: 5425)


Started GET "/posts" for ::1 at 2020-12-10 05:22:40 -0800
Processing by PostsController#index as HTML
  Rendering posts/index.html.erb within layouts/application
  [1m[36mPost Load (0.2ms)[0m  [1m[34mSELECT "posts".* FROM "posts"[0m
  ↳ app/views/posts/index.html.erb:30
  Rendered posts/index.html.erb within layouts/application (Duration: 3.8ms | Allocations: 926)
[Webpacker] Everything's up-to-date. Nothing to do
Completed 200 OK in 21ms (Views: 19.7ms | ActiveRecord: 0.2ms | Allocations: 4891)


Started GET "/posts" for ::1 at 2020-12-10 05:24:10 -0800
Processing by PostsController#index as HTML
  Rendering posts/index.html.erb within layouts/application
  [1m[36mPost Load (0.6ms)[0m  [1m[34mSELECT "posts".* FROM "posts"[0m
  ↳ app/views/posts/index.html.erb:30
  Rendered posts/index.html.erb within layouts/application (Duration: 9.5ms | Allocations: 1210)
[Webpacker] Everything's up-to-date. Nothing to do
Completed 200 OK in 44ms (Views: 39.3ms | ActiveRecord: 0.6ms | Allocations: 6064)


Started GET "/posts" for ::1 at 2020-12-10 05:24:12 -0800
Processing by PostsController#index as HTML
  Rendering posts/index.html.erb within layouts/application
  [1m[36mPost Load (0.2ms)[0m  [1m[34mSELECT "posts".* FROM "posts"[0m
  ↳ app/views/posts/index.html.erb:30
  Rendered posts/index.html.erb within layouts/application (Duration: 2.8ms | Allocations: 926)
[Webpacker] Everything's up-to-date. Nothing to do
Completed 200 OK in 13ms (Views: 12.0ms | ActiveRecord: 0.2ms | Allocations: 4871)


Started GET "/posts" for ::1 at 2020-12-10 05:24:20 -0800
Processing by PostsController#index as HTML
  Rendering posts/index.html.erb within layouts/application
  [1m[36mPost Load (0.2ms)[0m  [1m[34mSELECT "posts".* FROM "posts"[0m
  ↳ app/views/posts/index.html.erb:30
  Rendered posts/index.html.erb within layouts/application (Duration: 3.8ms | Allocations: 1212)
[Webpacker] Everything's up-to-date. Nothing to do
Completed 200 OK in 25ms (Views: 22.4ms | ActiveRecord: 0.2ms | Allocations: 6074)


Started GET "/posts" for ::1 at 2020-12-10 05:24:21 -0800
Processing by PostsController#index as HTML
  Rendering posts/index.html.erb within layouts/application
  [1m[36mPost Load (0.5ms)[0m  [1m[34mSELECT "posts".* FROM "posts"[0m
  ↳ app/views/posts/index.html.erb:30
  Rendered posts/index.html.erb within layouts/application (Duration: 3.0ms | Allocations: 934)
[Webpacker] Everything's up-to-date. Nothing to do
Completed 200 OK in 14ms (Views: 12.8ms | ActiveRecord: 0.5ms | Allocations: 4889)


Started GET "/jobs" for ::1 at 2020-12-10 05:24:25 -0800
Processing by JobsController#index as HTML
  Rendering jobs/index.html.erb within layouts/application
  [1m[36mJob Load (0.2ms)[0m  [1m[34mSELECT "jobs".* FROM "jobs"[0m
  ↳ app/views/jobs/index.html.erb:28
  Rendered jobs/index.html.erb within layouts/application (Duration: 4.2ms | Allocations: 917)
[Webpacker] Everything's up-to-date. Nothing to do
Completed 200 OK in 21ms (Views: 16.9ms | ActiveRecord: 0.2ms | Allocations: 5437)


Started GET "/posts" for ::1 at 2020-12-10 05:24:26 -0800
Processing by PostsController#index as HTML
  Rendering posts/index.html.erb within layouts/application
  [1m[36mPost Load (0.3ms)[0m  [1m[34mSELECT "posts".* FROM "posts"[0m
  ↳ app/views/posts/index.html.erb:30
  Rendered posts/index.html.erb within layouts/application (Duration: 4.2ms | Allocations: 926)
[Webpacker] Everything's up-to-date. Nothing to do
Completed 200 OK in 15ms (Views: 13.9ms | ActiveRecord: 0.3ms | Allocations: 4884)


Started GET "/jobs" for ::1 at 2020-12-10 05:24:48 -0800
Processing by JobsController#index as HTML
  Rendering jobs/index.html.erb within layouts/application
  [1m[36mJob Load (0.2ms)[0m  [1m[34mSELECT "jobs".* FROM "jobs"[0m
  ↳ app/views/jobs/index.html.erb:28
  Rendered jobs/index.html.erb within layouts/application (Duration: 6.2ms | Allocations: 916)
[Webpacker] Everything's up-to-date. Nothing to do
Completed 200 OK in 28ms (Views: 24.9ms | ActiveRecord: 0.2ms | Allocations: 5778)


Started GET "/posts" for ::1 at 2020-12-10 05:24:49 -0800
Processing by PostsController#index as HTML
  Rendering posts/index.html.erb within layouts/application
  [1m[36mPost Load (0.3ms)[0m  [1m[34mSELECT "posts".* FROM "posts"[0m
  ↳ app/views/posts/index.html.erb:30
  Rendered posts/index.html.erb within layouts/application (Duration: 3.4ms | Allocations: 1210)
[Webpacker] Everything's up-to-date. Nothing to do
Completed 200 OK in 27ms (Views: 25.1ms | ActiveRecord: 0.3ms | Allocations: 5722)


Started GET "/jobs" for ::1 at 2020-12-10 05:24:59 -0800
Processing by JobsController#index as HTML
  Rendering jobs/index.html.erb within layouts/application
  [1m[36mJob Load (0.2ms)[0m  [1m[34mSELECT "jobs".* FROM "jobs"[0m
  ↳ app/views/jobs/index.html.erb:28
  Rendered jobs/index.html.erb within layouts/application (Duration: 2.4ms | Allocations: 663)
[Webpacker] Everything's up-to-date. Nothing to do
Completed 200 OK in 19ms (Views: 17.0ms | ActiveRecord: 0.2ms | Allocations: 4603)


Started GET "/posts" for ::1 at 2020-12-10 05:25:03 -0800
Processing by PostsController#index as HTML
  Rendering posts/index.html.erb within layouts/application
  [1m[36mPost Load (0.3ms)[0m  [1m[34mSELECT "posts".* FROM "posts"[0m
  ↳ app/views/posts/index.html.erb:30
  Rendered posts/index.html.erb within layouts/application (Duration: 4.2ms | Allocations: 916)
[Webpacker] Everything's up-to-date. Nothing to do
Completed 200 OK in 19ms (Views: 17.2ms | ActiveRecord: 0.3ms | Allocations: 4861)


Started GET "/jobs" for ::1 at 2020-12-10 05:25:12 -0800
Processing by JobsController#index as HTML
  Rendering jobs/index.html.erb within layouts/application
  [1m[36mJob Load (0.2ms)[0m  [1m[34mSELECT "jobs".* FROM "jobs"[0m
  ↳ app/views/jobs/index.html.erb:28
  Rendered jobs/index.html.erb within layouts/application (Duration: 1.6ms | Allocations: 656)
[Webpacker] Everything's up-to-date. Nothing to do
Completed 200 OK in 20ms (Views: 18.7ms | ActiveRecord: 0.2ms | Allocations: 4596)


Started GET "/posts" for ::1 at 2020-12-10 05:25:18 -0800
Processing by PostsController#index as HTML
  Rendering posts/index.html.erb within layouts/application
  [1m[36mPost Load (0.3ms)[0m  [1m[34mSELECT "posts".* FROM "posts"[0m
  ↳ app/views/posts/index.html.erb:30
  Rendered posts/index.html.erb within layouts/application (Duration: 4.3ms | Allocations: 916)
[Webpacker] Everything's up-to-date. Nothing to do
Completed 200 OK in 31ms (Views: 28.3ms | ActiveRecord: 0.3ms | Allocations: 4871)


Started GET "/posts" for ::1 at 2020-12-10 05:26:15 -0800
Processing by PostsController#index as HTML
  Rendering posts/index.html.erb within layouts/application
  [1m[36mPost Load (0.2ms)[0m  [1m[34mSELECT "posts".* FROM "posts"[0m
  ↳ app/views/posts/index.html.erb:32
  Rendered posts/index.html.erb within layouts/application (Duration: 3.5ms | Allocations: 1217)
[Webpacker] Everything's up-to-date. Nothing to do
Completed 200 OK in 28ms (Views: 25.8ms | ActiveRecord: 0.2ms | Allocations: 6080)


Started GET "/posts" for ::1 at 2020-12-10 05:26:39 -0800
Processing by PostsController#index as HTML
  Rendering posts/index.html.erb within layouts/application
  [1m[36mPost Load (0.2ms)[0m  [1m[34mSELECT "posts".* FROM "posts"[0m
  ↳ app/views/posts/index.html.erb:32
  Rendered posts/index.html.erb within layouts/application (Duration: 3.9ms | Allocations: 1212)
[Webpacker] Everything's up-to-date. Nothing to do
Completed 200 OK in 27ms (Views: 25.6ms | ActiveRecord: 0.2ms | Allocations: 6062)


Started GET "/jobs" for ::1 at 2020-12-10 05:26:40 -0800
Processing by JobsController#index as HTML
  Rendering jobs/index.html.erb within layouts/application
  [1m[36mJob Load (0.2ms)[0m  [1m[34mSELECT "jobs".* FROM "jobs"[0m
  ↳ app/views/jobs/index.html.erb:29
  Rendered jobs/index.html.erb within layouts/application (Duration: 3.4ms | Allocations: 917)
[Webpacker] Everything's up-to-date. Nothing to do
Completed 200 OK in 18ms (Views: 15.8ms | ActiveRecord: 0.2ms | Allocations: 5428)


Started GET "/posts" for ::1 at 2020-12-10 05:26:42 -0800
Processing by PostsController#index as HTML
  Rendering posts/index.html.erb within layouts/application
  [1m[36mPost Load (0.3ms)[0m  [1m[34mSELECT "posts".* FROM "posts"[0m
  ↳ app/views/posts/index.html.erb:32
  Rendered posts/index.html.erb within layouts/application (Duration: 4.9ms | Allocations: 926)
[Webpacker] Everything's up-to-date. Nothing to do
Completed 200 OK in 21ms (Views: 18.8ms | ActiveRecord: 0.3ms | Allocations: 4868)


Started GET "/posts/new" for ::1 at 2020-12-10 05:26:54 -0800
Processing by PostsController#new as HTML
  Rendering posts/new.html.erb within layouts/application
  Rendered posts/_form.html.erb (Duration: 9.7ms | Allocations: 1207)
  Rendered posts/new.html.erb within layouts/application (Duration: 13.0ms | Allocations: 1534)
[Webpacker] Everything's up-to-date. Nothing to do
Completed 200 OK in 23ms (Views: 21.8ms | ActiveRecord: 0.0ms | Allocations: 5619)


Started GET "/posts" for ::1 at 2020-12-10 05:26:56 -0800
Processing by PostsController#index as HTML
  Rendering posts/index.html.erb within layouts/application
  [1m[36mPost Load (0.2ms)[0m  [1m[34mSELECT "posts".* FROM "posts"[0m
  ↳ app/views/posts/index.html.erb:32
  Rendered posts/index.html.erb within layouts/application (Duration: 5.8ms | Allocations: 922)
[Webpacker] Everything's up-to-date. Nothing to do
Completed 200 OK in 26ms (Views: 24.4ms | ActiveRecord: 0.2ms | Allocations: 4865)


